Flow report for lab6_1
Thu Oct 14 13:41:49 2021
Quartus Prime Version 18.1.0 Build 625 09/12/2018 SJ Lite Edition


---------------------
; Table of Contents ;
---------------------
  1. Legal Notice
  2. Flow Summary
  3. Flow Settings
  4. Flow Non-Default Global Settings
  5. Flow Elapsed Time
  6. Flow OS Summary
  7. Flow Log
  8. Flow Messages
  9. Flow Suppressed Messages



----------------
; Legal Notice ;
----------------
Copyright (C) 2018  Intel Corporation. All rights reserved.
Your use of Intel Corporation's design tools, logic functions 
and other software and tools, and its AMPP partner logic 
functions, and any output files from any of the foregoing 
(including device programming or simulation files), and any 
associated documentation or information are expressly subject 
to the terms and conditions of the Intel Program License 
Subscription Agreement, the Intel Quartus Prime License Agreement,
the Intel FPGA IP License Agreement, or other applicable license
agreement, including, without limitation, that your use is for
the sole purpose of programming logic devices manufactured by
Intel and sold by Intel or its authorized distributors.  Please
refer to the applicable agreement for further details.



+----------------------------------------------------------------------------------+
; Flow Summary                                                                     ;
+------------------------------------+---------------------------------------------+
; Flow Status                        ; Successful - Thu Oct 14 13:41:43 2021       ;
; Quartus Prime Version              ; 18.1.0 Build 625 09/12/2018 SJ Lite Edition ;
; Revision Name                      ; lab6_1                                      ;
; Top-level Entity Name              ; lab61                                       ;
; Family                             ; MAX 10                                      ;
; Device                             ; 10M50DAF484C7G                              ;
; Timing Models                      ; Final                                       ;
; Total logic elements               ; 2,730 / 49,760 ( 5 % )                      ;
;     Total combinational functions  ; 2,260 / 49,760 ( 5 % )                      ;
;     Dedicated logic registers      ; 1,741 / 49,760 ( 3 % )                      ;
; Total registers                    ; 1810                                        ;
; Total pins                         ; 58 / 360 ( 16 % )                           ;
; Total virtual pins                 ; 0                                           ;
; Total memory bits                  ; 10,368 / 1,677,312 ( < 1 % )                ;
; Embedded Multiplier 9-bit elements ; 0 / 288 ( 0 % )                             ;
; Total PLLs                         ; 1 / 4 ( 25 % )                              ;
; UFM blocks                         ; 0 / 1 ( 0 % )                               ;
; ADC blocks                         ; 0 / 2 ( 0 % )                               ;
+------------------------------------+---------------------------------------------+


+-----------------------------------------+
; Flow Settings                           ;
+-------------------+---------------------+
; Option            ; Setting             ;
+-------------------+---------------------+
; Start date & time ; 10/14/2021 13:40:42 ;
; Main task         ; Compilation         ;
; Revision Name     ; lab6_1              ;
+-------------------+---------------------+


+-------------------------------------------------------------------------------------------------------------------------------------------------+
; Flow Non-Default Global Settings                                                                                                                ;
+-------------------------------------+----------------------------------------------------------------+---------------+-------------+------------+
; Assignment Name                     ; Value                                                          ; Default Value ; Entity Name ; Section Id ;
+-------------------------------------+----------------------------------------------------------------+---------------+-------------+------------+
; COMPILER_SIGNATURE_ID               ; 194042955455041.163423684209744                                ; --            ; --          ; --         ;
; MAX_CORE_JUNCTION_TEMP              ; 85                                                             ; --            ; --          ; --         ;
; MIN_CORE_JUNCTION_TEMP              ; 0                                                              ; --            ; --          ; --         ;
; MISC_FILE                           ; ../../lab5.2/ECE385/lab61soc/synthesis/../lab61soc.cmp         ; --            ; --          ; --         ;
; MISC_FILE                           ; ../../lab5.2/ECE385/lab61soc/synthesis/../../lab61soc.qsys     ; --            ; --          ; --         ;
; OUTPUT_IO_TIMING_FAR_END_VMEAS      ; Half Signal Swing                                              ; --            ; --          ; --         ;
; OUTPUT_IO_TIMING_FAR_END_VMEAS      ; Half Signal Swing                                              ; --            ; --          ; --         ;
; OUTPUT_IO_TIMING_NEAR_END_VMEAS     ; Half Vccio                                                     ; --            ; --          ; --         ;
; OUTPUT_IO_TIMING_NEAR_END_VMEAS     ; Half Vccio                                                     ; --            ; --          ; --         ;
; PARTITION_COLOR                     ; -- (Not supported for targeted family)                         ; --            ; lab61       ; Top        ;
; PARTITION_FITTER_PRESERVATION_LEVEL ; -- (Not supported for targeted family)                         ; --            ; lab61       ; Top        ;
; PARTITION_NETLIST_TYPE              ; -- (Not supported for targeted family)                         ; --            ; lab61       ; Top        ;
; POWER_BOARD_THERMAL_MODEL           ; None (CONSERVATIVE)                                            ; --            ; --          ; --         ;
; POWER_PRESET_COOLING_SOLUTION       ; 23 MM HEAT SINK WITH 200 LFPM AIRFLOW                          ; --            ; --          ; --         ;
; SLD_FILE                            ; ../../lab5.2/ECE385/lab61soc/synthesis/lab61soc.regmap         ; --            ; --          ; --         ;
; SLD_FILE                            ; ../../lab5.2/ECE385/lab61soc/synthesis/lab61soc.debuginfo      ; --            ; --          ; --         ;
; SLD_INFO                            ; QSYS_NAME lab61soc HAS_SOPCINFO 1 GENERATION_ID 1634229058     ; --            ; lab61soc    ; --         ;
; SOPCINFO_FILE                       ; ../../lab5.2/ECE385/lab61soc/synthesis/../../lab61soc.sopcinfo ; --            ; --          ; --         ;
; SYNTHESIS_ONLY_QIP                  ; On                                                             ; --            ; --          ; --         ;
; TIMING_ANALYZER_DO_REPORT_TIMING    ; On                                                             ; Off           ; --          ; --         ;
; TOP_LEVEL_ENTITY                    ; lab61                                                          ; lab6_1        ; --          ; --         ;
+-------------------------------------+----------------------------------------------------------------+---------------+-------------+------------+


+--------------------------------------------------------------------------------------------------------------------------+
; Flow Elapsed Time                                                                                                        ;
+----------------------+--------------+-------------------------+---------------------+------------------------------------+
; Module Name          ; Elapsed Time ; Average Processors Used ; Peak Virtual Memory ; Total CPU Time (on all processors) ;
+----------------------+--------------+-------------------------+---------------------+------------------------------------+
; Analysis & Synthesis ; 00:00:32     ; 1.0                     ; 4931 MB             ; 00:00:51                           ;
; Fitter               ; 00:00:20     ; 1.4                     ; 5819 MB             ; 00:00:35                           ;
; Assembler            ; 00:00:03     ; 1.0                     ; 4695 MB             ; 00:00:03                           ;
; Timing Analyzer      ; 00:00:05     ; 2.0                     ; 4891 MB             ; 00:00:08                           ;
; Total                ; 00:01:00     ; --                      ; --                  ; 00:01:37                           ;
+----------------------+--------------+-------------------------+---------------------+------------------------------------+


+------------------------------------------------------------------------------------+
; Flow OS Summary                                                                    ;
+----------------------+------------------+------------+------------+----------------+
; Module Name          ; Machine Hostname ; OS Name    ; OS Version ; Processor type ;
+----------------------+------------------+------------+------------+----------------+
; Analysis & Synthesis ; DESKTOP-AQPO3MS  ; Windows 10 ; 10.0       ; x86_64         ;
; Fitter               ; DESKTOP-AQPO3MS  ; Windows 10 ; 10.0       ; x86_64         ;
; Assembler            ; DESKTOP-AQPO3MS  ; Windows 10 ; 10.0       ; x86_64         ;
; Timing Analyzer      ; DESKTOP-AQPO3MS  ; Windows 10 ; 10.0       ; x86_64         ;
+----------------------+------------------+------------+------------+----------------+


------------
; Flow Log ;
------------
quartus_map --read_settings_files=on --write_settings_files=off lab6_1 -c lab6_1
quartus_fit --read_settings_files=off --write_settings_files=off lab6_1 -c lab6_1
quartus_asm --read_settings_files=off --write_settings_files=off lab6_1 -c lab6_1
quartus_sta lab6_1 -c lab6_1



